1 1  1
627 311 144
17 448 144
973 654 179
685 868 171
277 328 144
981 984 143
94 402 144
396 547 142
10 299 128
240 272 123
87 399 144
469 726 171
729 841 153
768 962 179
233 396 144
312 490 144
562 655 145
661 749 171
257 510 144
63 146 122
362 959 179
42 748 171
713 1000 179
426 983 179
480 499 142
741 988 179
926 981 174
682 877 179
82 420 144
896 940 174
262 746 171
88 851 171
551 879 179
94 799 171
96 125 119
302 515 144
503 706 171
765 979 179
768 966 179
945 965 130
687 710 171
917 993 174
999 1000 112
602 622 132
585 827 171
682 873 179
260 485 144
618 811 171
115 755 171
471 582 142
501 645 137
626 991 179
347 472 134
765 999 179
763 771 153
802 960 179
653 740 171
920 971 174
362 514 142
708 898 179
604 677 145
782 792 122
930 999 174
833 988 179
56 571 144
495 870 171
969 983 143
892 941 174
752 816 153
925 978 174
972 980 143
541 937 179
578 802 171
974 989 143
286 602 144
46 149 122
1 294 128
197 392 144
163 723 171
54 526 144
505 997 179
27 127 119
133 847 171
966 996 143
367 679 145
714 735 140
971 975 143
346 640 142
634 812 171
162 712 171
572 942 179
45 733 171
781 942 179
552 744 171
145 382 144
102 869 171
888 931 148
833 978 179
709 771 153
134 433 144
144 567 144
999 999 50
862 990 179
714 832 153
225 835 171
873 934 148
1 408 144
818 910 179
377 429 134
846 969 179
279 390 144
960 993 143
18 76 116
220 854 171
582 651 145
678 818 171
433 446 116
623 749 171
13 414 144
141 162 117
887 915 148
232 307 128
582 675 145
159 875 179
467 867 171
216 267 128
924 953 174
561 651 145
717 943 179
30 380 144
357 416 134
52 925 179
618 894 179
287 953 179
488 733 171
554 632 132
629 849 171
498 550 137
280 817 171
509 942 179
331 866 171
565 893 179
816 893 179
364 837 171
249 499 144
345 495 142
97 571 144
987 998 112
35 598 144
704 805 153
10 509 144
379 820 171
832 982 179
906 986 174
218 919 179
942 946 130
541 728 171
932 940 174
842 869 148
348 941 179
364 655 145
521 724 171
953 997 143
435 499 142
411 555 142
366 706 171
186 241 128
835 887 179
790 874 179
514 789 171
5 754 171
517 884 179
377 515 142
556 988 179
967 997 143
860 967 179
945 978 143
751 996 179
175 200 120
855 943 179
93 560 144
286 894 179
136 760 171
820 971 179
667 777 171
554 809 171
355 730 171
973 976 143
994 997 50
39 229 125
514 670 145
442 695 145
975 982 143
546 722 171
31 625 144
407 682 145
520 837 171
995 1000 112
675 691 127
631 940 179
636 939 179
564 736 171
496 652 145
524 680 145
555 707 171
151 612 144
654 976 179
502 652 145
331 531 142
154 492 144
542 893 179
193 402 144
79 169 122
26 941 179
895 912 117
423 695 145
541 931 179
77 201 125
812 932 179
611 944 179
636 876 179
93 514 144
894 991 174
669 928 179
379 629 142
884 989 174
575 687 145
885 938 174
100 178 125
729 948 179
628 637 57
397 499 142
269 387 144
871 944 179
348 959 179
848 878 179
912 955 174
699 816 171
426 798 171
964 977 143
750 764 153
701 864 171
183 286 128
146 993 179
388 598 142
472 650 145
624 842 171
111 537 144
805 930 179
788 919 179
748 872 179
531 794 171
806 994 179
47 698 145
667 864 171
937 983 174
92 666 145
654 784 171
675 917 179
220 586 144
908 978 174
882 952 174
581 706 171
965 981 143
101 981 179
124 583 144
308 594 144
764 835 153
40 556 144
908 941 174
133 556 144
262 271 123
967 987 143
140 659 145
806 974 179
721 881 179
389 702 145
790 891 179
322 863 171
474 582 142
994 997 50
784 870 148
802 906 179
507 535 124
965 986 143
847 859 148
188 744 171
476 480 54
512 822 171
739 922 179
347 815 171
726 949 179
838 946 179
99 225 125
880 934 148
338 350 126
538 636 137
934 993 174
234 346 144
663 713 171
609 941 179
881 956 174
621 864 171
209 847 171
261 592 144
184 772 171
277 844 171
492 696 145
109 891 179
190 196 120
448 652 145
317 402 144
630 997 179
686 716 171
91 377 144
664 798 171
800 946 179
926 990 174
369 801 171
610 890 179
686 716 171
299 564 144
899 940 174
223 542 144
981 987 143
422 934 179
57 415 144
285 448 144
276 832 171
425 700 145
577 662 145
36 638 144
857 954 179
578 934 179
411 606 142
709 799 153
315 720 171
990 1000 112
142 624 144
699 808 171
770 886 179
789 913 179
17 771 171
494 984 179
493 672 145
589 721 171
167 253 128
237 407 144
970 977 143
226 532 144
193 803 171
654 969 179
940 988 143
974 978 143
639 918 179
271 985 179
921 996 174
67 900 179
849 995 179
89 259 128
511 972 179
732 925 179
934 942 174
387 635 142
729 888 179
610 729 171
977 981 99
468 926 179
651 967 179
391 770 171
648 691 145
164 519 144
902 915 130
427 881 179
593 720 171
793 985 179
772 971 179
922 986 174
239 964 179
473 652 145
155 532 144
129 143 122
154 868 171
994 996 50
326 341 144
85 253 128
913 931 130
773 932 179
861 953 179
460 880 179
517 564 137
734 922 179
825 844 135
981 995 143
92 210 125
201 683 145
676 828 171
940 949 130
150 392 144
325 695 145
228 978 179
930 956 174
905 986 174
927 952 174
530 555 137
526 921 179
632 744 171
832 890 179
78 316 131
156 373 144
987 990 99
197 679 145
907 973 174
752 943 179
65 647 144
320 994 179
5 62 113
511 618 137
847 936 179
618 837 171
449 891 179
853 992 179
627 673 145
203 942 179
209 382 144
507 514 124
636 761 171
726 956 179
91 902 179
625 651 145
738 801 153
639 816 171
588 708 171
219 499 144
656 978 179
817 851 135
314 651 145
922 972 174
710 829 153
146 186 125
545 776 171
273 604 144
513 578 137
852 905 179
180 986 179
933 933 86
669 822 171
180 982 179
572 993 179
905 910 68
570 990 179
513 740 171
480 659 145
237 535 144
383 786 171
39 308 128
415 938 179
479 594 142
164 902 179
467 469 85
162 410 144
124 952 179
934 970 174
985 995 112
298 373 144
631 996 179
212 551 144
576 965 179
832 911 179
736 766 153
101 345 144
989 993 112
98 711 171
382 896 179
349 410 126
772 877 179
422 965 179
993 993 94
690 804 171
25 905 179
958 979 143
43 944 179
180 735 171
317 525 144
602 646 132
629 928 179
661 783 171
180 261 128
74 755 171
430 913 179
515 890 179
950 958 55
333 529 142
851 885 179
421 687 145
601 890 179
646 676 145
526 742 171
487 795 171
347 887 179
232 442 144
785 867 148
492 757 171
380 626 142
685 872 179
37 398 144
878 952 174
655 657 145
803 874 179
436 754 171
582 751 171
507 868 171
148 339 144
668 671 96
743 942 179
82 366 144
797 867 148
688 995 179
919 987 174
782 843 135
14 971 179
56 365 144
114 699 145
947 964 130
931 967 174
873 921 148
130 780 171
263 670 145
710 715 65
611 660 145
528 930 179
452 622 142
799 832 135
603 753 171
273 749 171
469 564 142
344 773 171
104 304 128
346 498 142
311 589 144
701 755 171
549 597 137
13 81 116
172 545 144
941 969 143
747 930 179
540 823 171
208 873 179
298 553 144
862 958 179
876 937 174
703 744 171
656 767 171
81 217 125
104 762 171
157 907 179
985 991 99
454 480 129
360 565 142
409 648 142
64 889 179
392 463 134
719 761 140
770 974 179
477 795 171
801 910 179
711 960 179
436 532 142
905 999 174
854 888 179
558 825 171
636 990 179
275 563 144
810 852 135
486 700 145
995 1000 112
91 925 179
309 669 145
887 953 174
475 719 171
747 780 153
226 571 144
914 938 174
706 913 179
650 917 179
10 236 128
213 660 145
453 578 142
388 996 179
591 716 171
424 986 179
370 928 179
104 906 179
620 902 179
250 747 171
302 572 144
97 363 144
374 422 134
837 969 179
30 247 128
127 202 125
265 716 171
950 962 130
271 621 144
602 748 171
541 552 137
529 682 145
362 835 171
438 938 179
708 931 179
539 903 179
537 694 145
193 629 144
500 548 137
132 206 125
223 427 144
866 960 179
493 617 137
937 953 174
543 553 137
162 818 171
455 993 179
741 952 179
417 601 142
374 525 142
632 874 179
377 771 171
503 671 145
667 977 179
217 581 144
799 974 179
118 140 122
491 753 171
320 811 171
871 970 179
546 609 137
557 884 179
436 886 179
655 691 145
883 968 174
988 988 50
741 984 179
108 508 144
206 818 171
382 600 142
778 780 122
894 923 130
687 883 179
219 867 171
1000 1000 112
198 734 171
660 697 145
445 725 171
42 612 144
734 898 179
140 571 144
689 972 179
394 546 142
267 462 144
764 991 179
233 728 171
943 949 37
877 972 174
916 942 174
590 763 171
360 467 134
31 587 144
587 784 171
519 994 179
674 977 179
515 825 171
145 279 128
785 982 179
808 975 179
444 855 171
917 986 174
169 425 144
520 584 137
885 962 174
632 840 171
715 999 179
697 964 179
124 611 144
974 980 143
259 326 131
228 595 144
931 942 174
783 786 122
742 754 140
817 895 179
839 911 179
455 909 179
595 824 171
143 392 144
444 582 142
738 856 153
850 961 179
106 906 179
608 978 179
554 884 179
922 990 174
614 646 132
767 902 179
259 555 144
737 951 179
47 895 179
90 526 144
738 849 153
288 641 144
450 484 129
416 627 142
19 865 171
18 903 179
898 919 130
578 735 171
210 324 131
710 910 179
914 997 174
562 752 171
473 780 171
442 553 142
461 991 179
39 556 144
173 647 144
530 982 179
590 709 171
515 606 137
739 789 153
475 686 145
960 987 143
146 871 179
294 771 171
423 621 142
213 952 179
531 561 137
304 733 171
817 856 135
647 752 171
304 794 171
96 994 179
616 957 179
514 658 145
297 480 144
811 975 179
842 953 179
11 825 171
743 834 153
694 946 179
585 639 132
11 664 145
278 304 118
4 365 144
599 710 171
472 592 142
609 853 171
277 781 171
256 531 144
828 950 179
998 998 50
48 389 144
523 984 179
692 752 171
61 585 144
929 985 174
646 975 179
744 820 153
182 814 171
106 129 122
502 911 179
658 757 171
29 495 144
575 835 171
754 990 179
259 761 171
257 969 179
641 906 179
658 898 179
758 855 153
358 614 142
500 680 145
621 763 171
89 963 179
107 746 171
22 501 144
516 911 179
128 699 145
573 845 171
594 780 171
86 407 144
947 957 55
586 950 179
499 574 137
337 547 142
918 927 130
303 609 144
659 817 171
397 555 142
783 872 179
79 605 144
781 986 179
390 888 179
159 450 144
575 719 171
602 615 132
181 549 144
175 445 144
849 862 148
480 974 179
605 911 179
942 961 130
287 994 179
406 473 134
779 924 179
477 622 142
454 821 171
354 796 171
550 727 171
767 916 179
903 936 130
138 398 144
568 592 119
711 965 179
727 829 153
140 645 144
339 404 126
463 815 171
352 997 179
368 481 134
21 396 144
869 989 179
302 596 144
554 717 171
33 846 171
217 340 144
700 820 171
640 805 171
236 418 144
12 336 144
608 685 145
982 996 143
303 499 144
480 927 179
91 423 144
258 368 144
236 517 144
204 218 115
282 948 179
130 308 128
939 995 143
228 431 144
705 873 179
280 394 144
968 994 143
57 248 128
668 758 171
833 892 179
689 703 171
8 408 144
607 839 171
757 998 179
474 910 179
423 986 179
896 935 130
540 966 179
630 668 145
364 598 142
592 904 179
686 886 179
557 724 171
652 677 145
145 882 179
914 921 130
215 626 144
199 846 171
774 852 153
493 672 145
608 914 179
859 872 179
391 869 171
150 468 144
289 720 171
715 835 153
466 932 179
719 940 179
796 957 179
15 283 128
989 997 112
951 974 143
775 776 153
918 990 174
957 991 143
702 732 171
145 217 125
553 569 137
174 751 171
115 550 144
702 897 179
594 649 145
709 759 140
146 375 144
549 781 171
965 976 143
194 611 144
782 914 179
727 801 153
444 710 171
992 997 112
833 920 179
308 580 144
642 843 171
629 958 179
776 953 179
706 839 153
964 969 143
191 506 144
155 737 171
12 522 144
12 778 171
293 705 171
65 215 125
480 619 142
727 904 179
902 989 174
35 709 171
898 937 174
209 368 144
960 995 143
361 433 134
314 728 171
177 537 144
661 871 179
998 999 50
36 329 144
811 906 179
327 953 179
269 981 179
946 964 130
343 660 145
330 606 142
144 858 171
883 1000 174
576 602 119
192 407 144
936 967 174
937 965 174
129 432 144
597 967 179
491 621 142
296 686 145
270 896 179
154 516 144
407 573 142
190 455 144
449 845 171
820 955 179
396 979 179
579 719 171
46 381 144
33 421 144
365 859 171
65 178 125
867 921 179
870 905 179
476 543 142
112 899 179
252 925 179
851 870 148
507 545 137
994 998 50
96 892 179
60 684 145
839 976 179
487 840 171
889 981 174
832 978 179
191 598 144
608 752 171
563 671 145
35 345 144
627 775 171
661 893 179
792 864 148
71 432 144
899 954 174
762 956 179
998 998 50
357 571 142
236 547 144
367 619 142
724 978 179
36 375 144
518 955 179
706 982 179
349 444 134
480 527 142
727 784 153
68 124 119
247 762 171
350 439 134
